SF:lib/features/search/domain/image_search_repository.dart
DA:16,1
DA:20,2
DA:25,1
DA:26,5
DA:27,1
DA:31,2
DA:32,4
DA:33,4
DA:34,2
DA:36,2
DA:39,2
DA:41,4
DA:44,4
DA:47,6
DA:48,3
DA:51,6
DA:53,2
DA:56,2
DA:57,4
DA:59,6
DA:61,2
DA:64,1
DA:65,2
DA:67,3
DA:69,1
LF:25
LH:25
end_of_record
SF:lib/common/data/paginated_data_model.dart
DA:3,5
LF:1
LH:1
end_of_record
SF:lib/common/di/service_locator.dart
DA:14,5
DA:15,5
DA:17,5
DA:19,10
DA:20,5
DA:23,13
DA:24,7
DA:27,10
DA:28,5
LF:9
LH:9
end_of_record
SF:lib/common/router/app_router.dart
DA:14,15
DA:16,10
DA:17,5
DA:18,5
DA:19,5
DA:20,5
DA:22,1
DA:23,1
DA:24,3
DA:30,5
DA:31,10
DA:32,2
DA:33,4
DA:34,2
DA:35,6
DA:42,5
DA:43,4
DA:44,4
DA:46,5
DA:48,5
DA:49,5
DA:50,5
DA:52,8
DA:53,12
DA:60,5
DA:61,5
DA:62,6
DA:70,5
DA:75,5
DA:76,5
DA:77,5
DA:78,4
DA:80,1
DA:81,1
DA:82,1
DA:87,8
LF:36
LH:36
end_of_record
SF:lib/features/favourites/data/favourite_image_data_model.dart
DA:13,1
DA:14,1
DA:15,1
DA:16,1
DA:23,20
LF:5
LH:5
end_of_record
SF:lib/features/images/data/image_data_model.dart
DA:18,0
DA:21,0
LF:2
LH:0
end_of_record
SF:lib/features/images/data/image_data_model.g.dart
DA:9,0
DA:10,0
DA:11,0
DA:12,0
DA:13,0
DA:14,0
DA:15,0
DA:16,0
DA:19,0
DA:21,0
DA:22,0
DA:23,0
DA:24,0
DA:25,0
DA:26,0
DA:27,0
LF:16
LH:0
end_of_record
SF:lib/features/images/data/image_source_data_model.dart
DA:20,0
DA:23,0
LF:2
LH:0
end_of_record
SF:lib/features/images/data/image_source_data_model.g.dart
DA:9,0
DA:11,0
DA:12,0
DA:13,0
DA:14,0
DA:15,0
DA:16,0
DA:17,0
DA:18,0
DA:19,0
DA:22,0
DA:24,0
DA:25,0
DA:26,0
DA:27,0
DA:28,0
DA:29,0
DA:30,0
DA:31,0
DA:32,0
LF:20
LH:0
end_of_record
SF:lib/common/async/debounce_mixin.dart
DA:10,0
DA:11,0
DA:13,0
DA:17,5
DA:18,5
DA:22,5
DA:23,5
LF:7
LH:4
end_of_record
SF:lib/common/config/app_config.dart
DA:5,0
DA:6,0
LF:2
LH:0
end_of_record
SF:lib/features/favourites/data/favourites_in_memory_data_provider.dart
DA:8,0
DA:10,0
DA:13,0
DA:15,0
DA:16,0
DA:17,0
LF:6
LH:0
end_of_record
SF:lib/features/images/data/image_pexels_data_provider.dart
DA:17,0
DA:21,0
DA:23,0
DA:24,0
DA:25,0
DA:32,0
DA:37,0
DA:39,0
DA:40,0
DA:41,0
DA:48,0
DA:50,0
DA:51,0
DA:55,0
DA:56,0
DA:57,0
DA:58,0
DA:61,0
DA:62,0
DA:64,0
DA:68,0
DA:69,0
DA:73,0
DA:77,0
DA:78,0
DA:80,0
LF:26
LH:0
end_of_record
SF:lib/features/images/domain/image_repository.dart
DA:18,4
DA:21,8
DA:23,4
DA:24,20
DA:25,4
DA:29,2
DA:30,4
DA:34,4
DA:36,8
DA:37,8
DA:38,4
DA:40,8
DA:43,2
DA:44,10
DA:46,6
DA:48,4
DA:51,1
DA:53,6
DA:54,3
DA:57,3
DA:59,2
LF:21
LH:21
end_of_record
SF:lib/features/search/presentation/widgets/search_history/data/search_history_local_data_provider.dart
DA:7,0
DA:9,0
DA:10,0
DA:13,0
DA:15,0
DA:16,0
LF:6
LH:0
end_of_record
SF:lib/common/router/app_route.dart
DA:7,15
LF:1
LH:1
end_of_record
SF:lib/common/router/scaffold_with_navbar.dart
DA:5,4
DA:8,4
DA:14,4
DA:16,4
DA:17,4
DA:18,4
DA:37,8
DA:38,2
DA:44,1
DA:45,2
DA:47,3
LF:11
LH:11
end_of_record
SF:lib/features/favourites/presentation/favourites_page.dart
DA:10,5
DA:12,1
DA:14,1
DA:15,1
DA:18,1
DA:19,1
DA:21,1
DA:22,1
DA:24,1
DA:25,1
DA:27,1
DA:31,1
LF:12
LH:12
end_of_record
SF:lib/features/home/presentation/home_page.dart
DA:11,5
DA:13,4
DA:15,4
DA:16,4
DA:18,4
DA:20,3
DA:23,4
DA:24,4
DA:25,4
DA:26,4
DA:29,2
DA:30,1
DA:32,1
DA:35,1
DA:37,3
DA:43,8
DA:45,0
DA:46,8
LF:18
LH:17
end_of_record
SF:lib/features/home/state/home_page_cubit.dart
DA:11,8
DA:17,4
DA:19,4
DA:20,4
DA:23,0
DA:25,0
DA:28,0
DA:29,0
DA:30,0
DA:31,0
DA:32,0
DA:37,4
DA:39,8
DA:40,16
DA:41,16
DA:42,16
DA:43,4
DA:46,12
DA:48,1
DA:50,1
DA:54,4
DA:56,4
DA:57,4
LF:23
LH:16
end_of_record
SF:lib/features/image_details/presentation/image_details_page.dart
DA:9,5
DA:11,2
DA:13,2
DA:14,2
DA:15,2
DA:16,4
DA:17,2
DA:22,2
DA:23,2
DA:24,2
DA:26,2
DA:27,2
DA:29,2
DA:30,2
DA:31,2
DA:36,2
DA:37,2
DA:38,2
DA:39,0
DA:42,2
DA:43,2
DA:45,2
DA:46,2
DA:47,2
DA:49,2
DA:51,2
DA:52,2
DA:53,2
DA:54,2
DA:60,4
DA:61,2
DA:62,4
DA:63,6
DA:66,4
DA:68,2
DA:69,2
DA:70,6
DA:74,2
LF:38
LH:37
end_of_record
SF:lib/features/image_details/state/image_details_page_cubit.dart
DA:7,4
DA:11,2
DA:15,2
DA:17,4
DA:19,2
DA:20,2
DA:21,2
DA:22,4
DA:23,2
DA:24,2
LF:10
LH:10
end_of_record
SF:lib/features/search/presentation/search_page.dart
DA:12,5
DA:14,1
DA:16,1
DA:18,1
DA:19,1
DA:20,1
DA:21,1
DA:23,1
DA:24,2
DA:25,1
DA:26,1
DA:27,1
DA:29,1
DA:30,1
DA:34,1
DA:35,2
DA:36,1
DA:38,0
DA:43,2
DA:44,0
DA:45,1
DA:48,2
DA:49,2
DA:50,1
LF:24
LH:22
end_of_record
SF:lib/features/search/state/image_search_cubit.dart
DA:9,2
DA:16,1
DA:17,2
DA:18,1
DA:21,1
DA:22,1
DA:25,0
DA:26,0
DA:29,1
DA:30,2
DA:31,1
DA:34,0
DA:35,0
DA:36,0
DA:39,0
DA:41,0
DA:44,0
DA:45,0
DA:46,0
DA:47,0
DA:48,0
DA:53,1
DA:57,3
DA:60,1
DA:67,1
DA:68,2
DA:72,1
DA:73,2
DA:75,2
DA:77,1
DA:80,2
DA:82,2
DA:83,3
DA:84,2
DA:86,2
DA:89,2
DA:93,2
DA:97,1
DA:99,1
DA:100,1
LF:40
LH:28
end_of_record
SF:lib/common/widgets/empty_state.dart
DA:6,2
DA:15,2
DA:17,2
DA:18,2
DA:20,2
DA:21,2
DA:22,8
DA:23,4
DA:26,2
DA:27,2
LF:10
LH:10
end_of_record
SF:lib/common/widgets/nothing.dart
DA:4,10
DA:6,1
LF:2
LH:2
end_of_record
SF:lib/features/images/domain/image_model.dart
DA:14,4
DA:15,4
DA:16,4
DA:17,8
DA:21,4
DA:22,4
DA:23,4
DA:24,4
LF:8
LH:8
end_of_record
SF:lib/features/favourites/presentation/favourite_button.dart
DA:10,2
DA:17,2
DA:19,2
DA:20,2
DA:21,2
DA:22,14
DA:24,2
DA:25,2
DA:29,2
DA:30,2
DA:31,8
LF:11
LH:11
end_of_record
SF:lib/features/favourites/state/favourite_images_cubit.dart
DA:8,8
DA:12,4
DA:13,8
DA:14,8
DA:17,1
DA:18,2
DA:19,2
DA:22,2
DA:23,4
DA:24,4
LF:10
LH:10
end_of_record
SF:lib/features/images/presentation/widgets/image_grid.dart
DA:6,4
DA:20,4
DA:21,4
DA:27,4
DA:29,4
DA:30,12
DA:33,4
DA:35,12
DA:36,8
DA:37,4
DA:40,0
DA:41,0
DA:42,0
DA:46,4
DA:48,8
DA:50,4
DA:55,4
DA:56,4
DA:57,8
DA:63,4
DA:64,12
LF:21
LH:18
end_of_record
SF:lib/features/search/presentation/widgets/custom_search_bar.dart
DA:5,4
DA:14,4
DA:15,4
DA:22,1
DA:28,1
DA:43,4
DA:44,4
DA:50,4
DA:52,4
DA:53,16
DA:56,4
DA:58,8
DA:59,4
DA:62,4
DA:64,4
DA:66,4
DA:68,4
DA:69,16
DA:70,4
DA:72,12
DA:73,4
DA:75,4
DA:77,4
DA:79,4
DA:82,4
DA:83,8
DA:84,1
DA:85,1
DA:88,2
DA:89,1
DA:91,3
DA:92,1
DA:95,1
DA:96,2
DA:97,2
DA:98,3
DA:104,1
DA:106,2
DA:107,1
DA:108,0
LF:40
LH:39
end_of_record
SF:lib/features/home/state/home_page_model.dart
DA:13,4
LF:1
LH:1
end_of_record
SF:lib/features/images/presentation/widgets/image_grid_tile.dart
DA:7,4
DA:11,4
DA:13,4
DA:14,2
DA:15,10
DA:17,4
DA:18,4
DA:19,4
DA:20,4
DA:21,8
LF:10
LH:10
end_of_record
SF:lib/features/search/presentation/widgets/search_history/presentation/search_history.dart
DA:8,1
DA:15,1
DA:17,1
DA:20,2
DA:22,1
DA:23,1
DA:24,0
DA:25,2
DA:26,0
DA:32,1
DA:44,1
DA:46,1
DA:48,1
DA:49,1
DA:51,1
DA:53,1
DA:62,1
DA:64,1
DA:77,1
DA:78,1
DA:79,2
DA:80,1
DA:83,1
DA:84,2
DA:85,1
DA:87,1
DA:91,1
DA:94,3
DA:96,0
LF:29
LH:26
end_of_record
SF:lib/piczilla_app.dart
DA:9,4
DA:11,12
DA:13,4
DA:15,8
DA:17,4
DA:18,12
DA:19,4
DA:20,4
DA:21,4
DA:22,1
DA:23,4
DA:24,2
DA:27,4
DA:28,4
DA:29,4
DA:32,4
DA:33,4
DA:34,4
DA:40,2
DA:41,4
DA:43,2
DA:45,2
DA:46,2
DA:48,2
LF:24
LH:24
end_of_record
